(c) Copyright IBM Corporation 1993,2007
Command Line Processor for DB2 Client 11.5.4.0

You can issue database manager commands and SQL statements from the command 
prompt. For example:
    db2 => connect to sample
    db2 => bind sample.bnd

For general help, type: ?.
For command help, type: ? command, where command can be
the first few keywords of a database manager command. For example:
 ? CATALOG DATABASE for help on the CATALOG DATABASE command
 ? CATALOG          for help on all of the CATALOG commands.

To exit db2 interactive mode, type QUIT at the command prompt. Outside 
interactive mode, all commands must be prefixed with 'db2'.
To list the current command option settings, type LIST COMMAND OPTIONS.

For more detailed help, refer to the Online Reference Manual.

db2 => db2 => db2 => db2 => db2 => CONNECT TO cs421

   Database Connection Information

 Database server        = DB2/LINUXX8664 11.5.4.0
 SQL authorization ID   = WCUI6
 Local database alias   = CS421


db2 => db2 => db2 => db2 => db2 => db2 => db2 => db2 (cont.) => db2 (cont.) => db2 (cont.) => db2 (cont.) => create table Category ( cname char(200) not null , pLevel integer, primary key (cname) )
DB20000I  The SQL command completed successfully.

db2 => db2 (cont.) => db2 (cont.) => db2 (cont.) => db2 (cont.) => db2 (cont.) => db2 (cont.) => db2 (cont.) => db2 (cont.) => db2 (cont.) => db2 (cont.) => db2 (cont.) => db2 (cont.) => db2 (cont.) => create table Person ( HIN char(20) not null , name char(20), dateOfBirth DATE, gender char(20), phone char(20), cname char(200) NOT NULL, regDate DATE, city char(20), streetAddress char(100), postalcd char(10), primary key (HIN), foreign key (cname) references Category (cname) )
DB20000I  The SQL command completed successfully.

db2 => db2 (cont.) => db2 (cont.) => db2 (cont.) => db2 (cont.) => db2 (cont.) => db2 (cont.) => create table Hospital( locname char(20) not null, lcity char (20), lpostalcd char (20), lstreetAddress char(100), primary key (locname) )
DB20000I  The SQL command completed successfully.

db2 => db2 (cont.) => db2 (cont.) => db2 (cont.) => db2 (cont.) => db2 (cont.) => db2 (cont.) => create table VaccineLocation ( lname char (20) not null , lcity char(20), lpostalcd char (20), lstreetAddress char (100), primary key (lname) )
DB20000I  The SQL command completed successfully.

db2 => db2 (cont.) => db2 (cont.) => db2 (cont.) => db2 (cont.) => db2 (cont.) => db2 (cont.) => create table Nurse( NLN char(20) not null , nursename char(20), locname char(30), primary key (NLN), foreign key (locname) references Hospital (locname) )
DB20000I  The SQL command completed successfully.

db2 => db2 (cont.) => db2 (cont.) => db2 (cont.) => db2 (cont.) => db2 (cont.) => create table VaccineLocPerDay ( vacdate DATE not null , lname char(20) not null , primary key (vacdate, lname), foreign key (lname) references VaccineLocation(lname) )
DB20000I  The SQL command completed successfully.

db2 => db2 (cont.) => db2 (cont.) => db2 (cont.) => db2 (cont.) => db2 (cont.) => db2 (cont.) => db2 (cont.) => create table Slot ( vslot char(10) not null , vtime TIME not null , vacdate DATE not null , lname char(20) not null , primary key (vslot, vtime, vacdate, lname), foreign key (vacdate, lname) references VaccineLocPerDay (vacdate, lname) )
DB20000I  The SQL command completed successfully.

db2 => db2 (cont.) => db2 (cont.) => db2 (cont.) => db2 (cont.) => db2 (cont.) => create table Vaccine( vname char(30) not null , waitingPeriod char(20), numdoses integer, primary key (vname) )
DB20000I  The SQL command completed successfully.

db2 => db2 (cont.) => db2 (cont.) => db2 (cont.) => db2 (cont.) => db2 (cont.) => db2 (cont.) => db2 (cont.) => db2 (cont.) => create table VaccineBatch ( numvails integer, expdate DATE, bnumber char(20) not null , manudate DATE, vname char (30) not null , primary key (vname, bnumber), foreign key (vname) references Vaccine(vname) )
DB20000I  The SQL command completed successfully.

db2 => db2 (cont.) => db2 (cont.) => db2 (cont.) => db2 (cont.) => db2 (cont.) => db2 (cont.) => db2 (cont.) => db2 (cont.) => db2 (cont.) => db2 (cont.) => db2 (cont.) => db2 (cont.) => db2 (cont.) => create table Vail ( vnum    char(20) not null, bnumber char(20) not null, vname   char(30) not null, vslot   char(20) not null, vtime   TIME not null, vacdate DATE not null, lname   char(20) not null, primary key (vnum, bnumber, vname), foreign key (bnumber, vname) references VaccineBatch (bnumber, vname), foreign key (vslot, vtime, vacdate, lname) references Slot (vslot, vtime, vacdate, lname) )
DB20000I  The SQL command completed successfully.

db2 => db2 (cont.) => db2 (cont.) => db2 (cont.) => db2 (cont.) => db2 (cont.) => db2 (cont.) => db2 (cont.) => create table nurseAssignments ( NLN char (20) not null , vacdate DATE not null , lname char(20) not null , primary key (NLN, vacdate, lname), foreign key (NLN)references Nurse(NLN), foreign key (vacdate, lname) references VaccineLocPerDay (vacdate, lname) )
DB20000I  The SQL command completed successfully.

db2 => db2 (cont.) => db2 (cont.) => db2 (cont.) => db2 (cont.) => db2 (cont.) => db2 (cont.) => db2 (cont.) => db2 (cont.) => db2 (cont.) => db2 (cont.) => create table personAllocation ( alloc_date DATE, HIN char(20) not null , vslot char(20) not null , vtime TIME not null , vacdate DATE not null , lname char(20) not null , primary key (HIN, vslot, vtime, vacdate, lname), foreign key (HIN) references Person(HIN), foreign key (vslot, vtime, vacdate, lname) references Slot(vslot, vtime, vacdate, lname) )
DB20000I  The SQL command completed successfully.

db2 => db2 (cont.) => db2 (cont.) => db2 (cont.) => db2 (cont.) => db2 (cont.) => db2 (cont.) => db2 (cont.) => db2 (cont.) => create table batchStorage ( bnumber char(20) not null , lname char(20) not null , vname char (30) not null , sentDate DATE, primary key (bnumber, lname, vname), foreign key (lname) references VaccineLocation (lname), foreign key (vname, bnumber) references VaccineBatch (vname, bnumber) )
DB20000I  The SQL command completed successfully.

db2 => db2 => db2 => 