(c) Copyright IBM Corporation 1993,2007
Command Line Processor for DB2 Client 11.5.4.0

You can issue database manager commands and SQL statements from the command 
prompt. For example:
    db2 => connect to sample
    db2 => bind sample.bnd

For general help, type: ?.
For command help, type: ? command, where command can be
the first few keywords of a database manager command. For example:
 ? CATALOG DATABASE for help on the CATALOG DATABASE command
 ? CATALOG          for help on all of the CATALOG commands.

To exit db2 interactive mode, type QUIT at the command prompt. Outside 
interactive mode, all commands must be prefixed with 'db2'.
To list the current command option settings, type LIST COMMAND OPTIONS.

For more detailed help, refer to the Online Reference Manual.

db2 => db2 => db2 => db2 => db2 => CONNECT TO cs421

   Database Connection Information

 Database server        = DB2/LINUXX8664 11.5.4.0
 SQL authorization ID   = WCUI6
 Local database alias   = CS421


db2 => db2 => db2 => db2 => db2 => db2 => db2 => INSERT INTO Category (cname,pLevel) VALUES ('Health care workers','1')
DB20000I  The SQL command completed successfully.

db2 => INSERT INTO Category (cname,pLevel) VALUES ('Elderly','1')
DB20000I  The SQL command completed successfully.

db2 => INSERT INTO Category (cname,pLevel) VALUES ('Teachers','2')
DB20000I  The SQL command completed successfully.

db2 => INSERT INTO Category (cname,pLevel) VALUES ('Children below 10','2')
DB20000I  The SQL command completed successfully.

db2 => INSERT INTO Category (cname,pLevel) VALUES ('Immunologically Compromised','1')
DB20000I  The SQL command completed successfully.

db2 => INSERT INTO Category (cname,pLevel) VALUES ('physical proximity to first priority','2')
DB20000I  The SQL command completed successfully.

db2 => INSERT INTO Category (cname,pLevel) VALUES ('physical proximity to second priority','3')
DB20000I  The SQL command completed successfully.

db2 => INSERT INTO Category (cname,pLevel) VALUES ('Essential Service Worker','3')
DB20000I  The SQL command completed successfully.

db2 => INSERT INTO Category (cname,pLevel) VALUES ('Everybody else','4')
DB20000I  The SQL command completed successfully.

db2 => db2 => INSERT INTO Person (HIN,name,dateOfBirth,gender,phone,cname,regDate,city,streetAddress,postalcd) VALUES ('2401562303','Jimmie Mendoza','2000-10-27','Male','7398429402','Everybody else','2020-01-01','Montreal','287 Albany St. ','L4A3S8')
DB20000I  The SQL command completed successfully.

db2 => INSERT INTO Person (HIN,name,dateOfBirth,gender,phone,cname,regDate,city,streetAddress,postalcd) VALUES ('5558344135','Natalie Parks','1999-01-01','Female','4642166149','physical proximity to second priority','2020-01-02','Montreal','7938 Temple Rd. ','E7M8H5')
DB20000I  The SQL command completed successfully.

db2 => INSERT INTO Person (HIN,name,dateOfBirth,gender,phone,cname,regDate,city,streetAddress,postalcd) VALUES ('9981054414','Lynne Curry','1998-04-07','Female','3063317061','Immunologically Compromised','2020-03-30','Montreal','64 Stillwater Lane ','P2N9Y0')
DB20000I  The SQL command completed successfully.

db2 => INSERT INTO Person (HIN,name,dateOfBirth,gender,phone,cname,regDate,city,streetAddress,postalcd) VALUES ('8164350380','Dana Colon','1988-09-20','Female','2414352343','Essential Service Worker','2020-05-02','Montreal','917 Bradford Ave. ','G0A6H6')
DB20000I  The SQL command completed successfully.

db2 => INSERT INTO Person (HIN,name,dateOfBirth,gender,phone,cname,regDate,city,streetAddress,postalcd) VALUES ('6334043733','Sonja Wood','2018-05-24','Female','9462941191','Children below 10','2020-04-02','Montreal','7988 Poor House Ave. ','N7G7V6')
DB20000I  The SQL command completed successfully.

db2 => INSERT INTO Person (HIN,name,dateOfBirth,gender,phone,cname,regDate,city,streetAddress,postalcd) VALUES ('3917587088','Jesus Poole','1949-02-02','Male','7153019183','Elderly','2020-09-20','Quebec','75 Squaw Creek Road','K7V9H1')
DB20000I  The SQL command completed successfully.

db2 => INSERT INTO Person (HIN,name,dateOfBirth,gender,phone,cname,regDate,city,streetAddress,postalcd) VALUES ('5025429412','Guadalupe Wallace','1982-08-21','Male','4983136624','Essential Service Worker','2020-08-11','Quebec','347 Oakwood Drive ','K6T9J8')
DB20000I  The SQL command completed successfully.

db2 => INSERT INTO Person (HIN,name,dateOfBirth,gender,phone,cname,regDate,city,streetAddress,postalcd) VALUES ('7925598682','Nellie Pena','1977-11-30','Female','6964876608','Teachers','2020-08-11','Quebec','260 Elm Drive ','L9S2M6')
DB20000I  The SQL command completed successfully.

db2 => INSERT INTO Person (HIN,name,dateOfBirth,gender,phone,cname,regDate,city,streetAddress,postalcd) VALUES ('4268703448','Monica Roberts','1996-03-01','Female','5142234567','Health care workers','2020-09-05','Quebec','744 Pin Oak Street ','G7A7L9')
DB20000I  The SQL command completed successfully.

db2 => INSERT INTO Person (HIN,name,dateOfBirth,gender,phone,cname,regDate,city,streetAddress,postalcd) VALUES ('3809069796','Jane Doe','1966-06-06','Male','5142675678','Everybody else','2020-11-01','Quebec','9167 Manchester Lane','N1M5S6')
DB20000I  The SQL command completed successfully.

db2 => db2 => INSERT INTO Hospital (locname,lcity,lpostalcd,lstreetAddress) VALUES ('HospitalA','Montreal','N1M123','90 Arrowhead Street ')
DB20000I  The SQL command completed successfully.

db2 => INSERT INTO Hospital (locname,lcity,lpostalcd,lstreetAddress) VALUES ('HospitalB','Montreal','L4A123','51 NW. River Drive ')
DB20000I  The SQL command completed successfully.

db2 => INSERT INTO Hospital (locname,lcity,lpostalcd,lstreetAddress) VALUES ('HospitalC','Montreal','E7M123','161 Thorne Street ')
DB20000I  The SQL command completed successfully.

db2 => INSERT INTO Hospital (locname,lcity,lpostalcd,lstreetAddress) VALUES ('HospitalD','Montreal','P2N123','426 Glenlake Dr. ')
DB20000I  The SQL command completed successfully.

db2 => INSERT INTO Hospital (locname,lcity,lpostalcd,lstreetAddress) VALUES ('HospitalE','Montreal','G0A123','163 Central Ave. ')
DB20000I  The SQL command completed successfully.

db2 => INSERT INTO Hospital (locname,lcity,lpostalcd,lstreetAddress) VALUES ('HospitalF','Quebec','N7G123','Lady Lake')
DB20000I  The SQL command completed successfully.

db2 => INSERT INTO Hospital (locname,lcity,lpostalcd,lstreetAddress) VALUES ('HospitalG','Quebec','K7V123','54 Beacon St. ')
DB20000I  The SQL command completed successfully.

db2 => INSERT INTO Hospital (locname,lcity,lpostalcd,lstreetAddress) VALUES ('HospitalH','Quebec','K6T123','566 Constitution Drive ')
DB20000I  The SQL command completed successfully.

db2 => INSERT INTO Hospital (locname,lcity,lpostalcd,lstreetAddress) VALUES ('HospitalI','Quebec','L9S123','36 N. Rockland Ave. ')
DB20000I  The SQL command completed successfully.

db2 => INSERT INTO Hospital (locname,lcity,lpostalcd,lstreetAddress) VALUES ('HospitalJ','Quebec','G7A123','395 Maple Street ')
DB20000I  The SQL command completed successfully.

db2 => INSERT INTO Hospital (locname,lcity,lpostalcd,lstreetAddress) VALUES ('Jewish General','Montreal ','L4A456','Ashton Loan')
DB20000I  The SQL command completed successfully.

db2 => db2 => INSERT INTO Nurse (NLN,nursename,locname) VALUES ('1832014183','Sidney Wise','HospitalA')
DB20000I  The SQL command completed successfully.

db2 => INSERT INTO Nurse (NLN,nursename,locname) VALUES ('1938735284','Loretta Curry','HospitalA')
DB20000I  The SQL command completed successfully.

db2 => INSERT INTO Nurse (NLN,nursename,locname) VALUES ('8514592385','Patrick James','HospitalA')
DB20000I  The SQL command completed successfully.

db2 => INSERT INTO Nurse (NLN,nursename,locname) VALUES ('4470014731','Tara Gibbs','HospitalD')
DB20000I  The SQL command completed successfully.

db2 => INSERT INTO Nurse (NLN,nursename,locname) VALUES ('3302838507','Maria Perkins','HospitalD')
DB20000I  The SQL command completed successfully.

db2 => INSERT INTO Nurse (NLN,nursename,locname) VALUES ('5958242947','Silvia Higgins','HospitalD')
DB20000I  The SQL command completed successfully.

db2 => INSERT INTO Nurse (NLN,nursename,locname) VALUES ('864061152','Sheila Goodwin','HospitalI')
DB20000I  The SQL command completed successfully.

db2 => INSERT INTO Nurse (NLN,nursename,locname) VALUES ('5670572612','Faye Parker','Jewish General')
DB20000I  The SQL command completed successfully.

db2 => INSERT INTO Nurse (NLN,nursename,locname) VALUES ('3152764765','Mack Brady','Jewish General')
DB20000I  The SQL command completed successfully.

db2 => INSERT INTO Nurse (NLN,nursename,locname) VALUES ('3359852020','Victoria Edwards','Jewish General')
DB20000I  The SQL command completed successfully.

db2 => INSERT INTO Nurse (NLN,nursename,locname) VALUES ('12345678','Mike Brady','Jewish General')
DB20000I  The SQL command completed successfully.

db2 => INSERT INTO Nurse (NLN,nursename,locname) VALUES ('87654321','Victory Edwards','Jewish General')
DB20000I  The SQL command completed successfully.

db2 => db2 => INSERT INTO VaccineLocation (lname,lcity,lpostalcd,lstreetAddress) VALUES ('LocationA','Montreal ','N1M456',' Angleton Green')
DB20000I  The SQL command completed successfully.

db2 => INSERT INTO VaccineLocation (lname,lcity,lpostalcd,lstreetAddress) VALUES ('Jewish General','Montreal ','L4A456','Ashton Loan')
DB20000I  The SQL command completed successfully.

db2 => INSERT INTO VaccineLocation (lname,lcity,lpostalcd,lstreetAddress) VALUES ('LocationC','Montreal ','E7M456','Audley Town')
DB20000I  The SQL command completed successfully.

db2 => INSERT INTO VaccineLocation (lname,lcity,lpostalcd,lstreetAddress) VALUES ('LocationD','Montreal ','P2N456','Autumn Down')
DB20000I  The SQL command completed successfully.

db2 => INSERT INTO VaccineLocation (lname,lcity,lpostalcd,lstreetAddress) VALUES ('LocationE','Montreal ','G0A456','Abrams Green')
DB20000I  The SQL command completed successfully.

db2 => INSERT INTO VaccineLocation (lname,lcity,lpostalcd,lstreetAddress) VALUES ('LocationF','Quebec','N7G456','Anchor Celyn')
DB20000I  The SQL command completed successfully.

db2 => INSERT INTO VaccineLocation (lname,lcity,lpostalcd,lstreetAddress) VALUES ('LocationG','Quebec','K7V456','Allensgreen')
DB20000I  The SQL command completed successfully.

db2 => INSERT INTO VaccineLocation (lname,lcity,lpostalcd,lstreetAddress) VALUES ('LocationH','Quebec','K6T456','Alwain Green')
DB20000I  The SQL command completed successfully.

db2 => INSERT INTO VaccineLocation (lname,lcity,lpostalcd,lstreetAddress) VALUES ('LocationI','Quebec','L9S456','Anson Common')
DB20000I  The SQL command completed successfully.

db2 => INSERT INTO VaccineLocation (lname,lcity,lpostalcd,lstreetAddress) VALUES ('LocationJ','Quebec','G7A456','Alpine Loan')
DB20000I  The SQL command completed successfully.

db2 => INSERT INTO VaccineLocation (lname,lcity,lpostalcd,lstreetAddress) VALUES ('LocationB','Montreal','G7A457','Alpine Loan B')
DB20000I  The SQL command completed successfully.

db2 => db2 => INSERT INTO VaccineLocPerDay (vacdate,lname) VALUES ('2021-02-06','LocationA')
DB20000I  The SQL command completed successfully.

db2 => INSERT INTO VaccineLocPerDay (vacdate,lname) VALUES ('2021-02-01','LocationA')
DB20000I  The SQL command completed successfully.

db2 => INSERT INTO VaccineLocPerDay (vacdate,lname) VALUES ('2021-02-06','LocationB')
DB20000I  The SQL command completed successfully.

db2 => INSERT INTO VaccineLocPerDay (vacdate,lname) VALUES ('2021-02-01','LocationB')
DB20000I  The SQL command completed successfully.

db2 => INSERT INTO VaccineLocPerDay (vacdate,lname) VALUES ('2021-03-20','Jewish General')
DB20000I  The SQL command completed successfully.

db2 => INSERT INTO VaccineLocPerDay (vacdate,lname) VALUES ('2021-01-01','Jewish General')
DB20000I  The SQL command completed successfully.

db2 => INSERT INTO VaccineLocPerDay (vacdate,lname) VALUES ('2021-01-02','Jewish General')
DB20000I  The SQL command completed successfully.

db2 => INSERT INTO VaccineLocPerDay (vacdate,lname) VALUES ('2021-01-03','Jewish General')
DB20000I  The SQL command completed successfully.

db2 => db2 => INSERT INTO Slot (vslot,vtime,vacdate,lname) VALUES ('1','13.30.05','2021-02-06','LocationA')
DB20000I  The SQL command completed successfully.

db2 => INSERT INTO Slot (vslot,vtime,vacdate,lname) VALUES ('1','13.30.06','2021-02-06','LocationA')
DB20000I  The SQL command completed successfully.

db2 => INSERT INTO Slot (vslot,vtime,vacdate,lname) VALUES ('2','13.30.07','2021-02-06','LocationA')
DB20000I  The SQL command completed successfully.

db2 => INSERT INTO Slot (vslot,vtime,vacdate,lname) VALUES ('2','13.30.08','2021-03-20','Jewish General')
DB20000I  The SQL command completed successfully.

db2 => INSERT INTO Slot (vslot,vtime,vacdate,lname) VALUES ('3','13.30.09','2021-03-20','Jewish General')
DB20000I  The SQL command completed successfully.

db2 => INSERT INTO Slot (vslot,vtime,vacdate,lname) VALUES ('3','13.30.10','2021-01-01','Jewish General')
DB20000I  The SQL command completed successfully.

db2 => INSERT INTO Slot (vslot,vtime,vacdate,lname) VALUES ('4','13.30.11','2021-01-02','Jewish General')
DB20000I  The SQL command completed successfully.

db2 => INSERT INTO Slot (vslot,vtime,vacdate,lname) VALUES ('4','13.30.12','2021-01-03','Jewish General')
DB20000I  The SQL command completed successfully.

db2 => INSERT INTO Slot (vslot,vtime,vacdate,lname) VALUES ('5','13.30.13','2021-02-06','LocationB')
DB20000I  The SQL command completed successfully.

db2 => INSERT INTO Slot (vslot,vtime,vacdate,lname) VALUES ('5','13.30.14','2021-02-06','LocationB')
DB20000I  The SQL command completed successfully.

db2 => INSERT INTO Slot (vslot,vtime,vacdate,lname) VALUES ('1','13.30.08','2021-03-20','Jewish General')
DB20000I  The SQL command completed successfully.

db2 => INSERT INTO Slot (vslot,vtime,vacdate,lname) VALUES ('4','13.30.09','2021-03-20','Jewish General')
DB20000I  The SQL command completed successfully.

db2 => db2 => INSERT INTO Vaccine (vname,waitingPeriod,numdoses) VALUES ('Pfizer-BioNTech','1month','2')
DB20000I  The SQL command completed successfully.

db2 => INSERT INTO Vaccine (vname,waitingPeriod,numdoses) VALUES ('Moderna','1month','2')
DB20000I  The SQL command completed successfully.

db2 => db2 => INSERT INTO VaccineBatch (numvails,expdate,bnumber,manudate,vname) VALUES ('12','2028-01-01','A','2020-12-01','Pfizer-BioNTech')
DB20000I  The SQL command completed successfully.

db2 => INSERT INTO VaccineBatch (numvails,expdate,bnumber,manudate,vname) VALUES ('12','2028-01-02','B ','2020-12-02','Pfizer-BioNTech')
DB20000I  The SQL command completed successfully.

db2 => INSERT INTO VaccineBatch (numvails,expdate,bnumber,manudate,vname) VALUES ('12','2028-01-03','C','2020-12-03','Pfizer-BioNTech')
DB20000I  The SQL command completed successfully.

db2 => INSERT INTO VaccineBatch (numvails,expdate,bnumber,manudate,vname) VALUES ('12','2028-01-04','D','2020-12-04','Pfizer-BioNTech')
DB20000I  The SQL command completed successfully.

db2 => INSERT INTO VaccineBatch (numvails,expdate,bnumber,manudate,vname) VALUES ('12','2028-01-05','E','2020-12-05','Pfizer-BioNTech')
DB20000I  The SQL command completed successfully.

db2 => INSERT INTO VaccineBatch (numvails,expdate,bnumber,manudate,vname) VALUES ('10','2028-01-06','A','2020-12-06','Moderna')
DB20000I  The SQL command completed successfully.

db2 => INSERT INTO VaccineBatch (numvails,expdate,bnumber,manudate,vname) VALUES ('10','2028-01-07','B ','2020-12-07','Moderna')
DB20000I  The SQL command completed successfully.

db2 => INSERT INTO VaccineBatch (numvails,expdate,bnumber,manudate,vname) VALUES ('10','2028-01-08','C','2020-12-08','Moderna')
DB20000I  The SQL command completed successfully.

db2 => INSERT INTO VaccineBatch (numvails,expdate,bnumber,manudate,vname) VALUES ('10','2028-01-09','D','2020-12-09','Moderna')
DB20000I  The SQL command completed successfully.

db2 => INSERT INTO VaccineBatch (numvails,expdate,bnumber,manudate,vname) VALUES ('10','2028-01-10','E','2020-12-10','Moderna')
DB20000I  The SQL command completed successfully.

db2 => db2 => db2 => INSERT INTO Vail (vnum,bnumber,vname,vslot,vtime,vacdate,lname) VALUES ('1','D','Pfizer-BioNTech','1','13.30.05','2021-02-06','LocationA')
DB20000I  The SQL command completed successfully.

db2 => INSERT INTO Vail (vnum,bnumber,vname,vslot,vtime,vacdate,lname) VALUES ('2','D','Pfizer-BioNTech','1','13.30.06','2021-02-06','LocationA')
DB20000I  The SQL command completed successfully.

db2 => INSERT INTO Vail (vnum,bnumber,vname,vslot,vtime,vacdate,lname) VALUES ('3','E','Pfizer-BioNTech','2','13.30.07','2021-02-06','LocationA')
DB20000I  The SQL command completed successfully.

db2 => INSERT INTO Vail (vnum,bnumber,vname,vslot,vtime,vacdate,lname) VALUES ('1','B ','Pfizer-BioNTech','2','13.30.08','2021-03-20','Jewish General')
DB20000I  The SQL command completed successfully.

db2 => INSERT INTO Vail (vnum,bnumber,vname,vslot,vtime,vacdate,lname) VALUES ('2','B ','Pfizer-BioNTech','3','13.30.09','2021-03-20','Jewish General')
DB20000I  The SQL command completed successfully.

db2 => INSERT INTO Vail (vnum,bnumber,vname,vslot,vtime,vacdate,lname) VALUES ('1','C','Pfizer-BioNTech','3','13.30.10','2021-01-01','Jewish General')
DB20000I  The SQL command completed successfully.

db2 => INSERT INTO Vail (vnum,bnumber,vname,vslot,vtime,vacdate,lname) VALUES ('2','C','Pfizer-BioNTech','4','13.30.11','2021-01-02','Jewish General')
DB20000I  The SQL command completed successfully.

db2 => INSERT INTO Vail (vnum,bnumber,vname,vslot,vtime,vacdate,lname) VALUES ('3','C','Pfizer-BioNTech','4','13.30.12','2021-01-03','Jewish General')
DB20000I  The SQL command completed successfully.

db2 => INSERT INTO Vail (vnum,bnumber,vname,vslot,vtime,vacdate,lname) VALUES ('1','A','Moderna','5','13.30.13','2021-02-06','LocationB')
DB20000I  The SQL command completed successfully.

db2 => INSERT INTO Vail (vnum,bnumber,vname,vslot,vtime,vacdate,lname) VALUES ('2','A','Moderna','5','13.30.14','2021-02-06','LocationB')
DB20000I  The SQL command completed successfully.

db2 => db2 => INSERT INTO nurseAssignments (NLN,vacdate,lname) VALUES ('4470014731','2021-03-20','Jewish General')
DB20000I  The SQL command completed successfully.

db2 => INSERT INTO nurseAssignments (NLN,vacdate,lname) VALUES ('4470014731','2021-02-06','LocationB')
DB20000I  The SQL command completed successfully.

db2 => INSERT INTO nurseAssignments (NLN,vacdate,lname) VALUES ('3152764765','2021-02-06','LocationB')
DB20000I  The SQL command completed successfully.

db2 => INSERT INTO nurseAssignments (NLN,vacdate,lname) VALUES ('1938735284','2021-02-06','LocationA')
DB20000I  The SQL command completed successfully.

db2 => INSERT INTO nurseAssignments (NLN,vacdate,lname) VALUES ('8514592385','2021-02-06','LocationA')
DB20000I  The SQL command completed successfully.

db2 => INSERT INTO nurseAssignments (NLN,vacdate,lname) VALUES ('3302838507','2021-03-20','Jewish General')
DB20000I  The SQL command completed successfully.

db2 => INSERT INTO nurseAssignments (NLN,vacdate,lname) VALUES ('5958242947','2021-01-01','Jewish General')
DB20000I  The SQL command completed successfully.

db2 => INSERT INTO nurseAssignments (NLN,vacdate,lname) VALUES ('864061152','2021-01-02','Jewish General')
DB20000I  The SQL command completed successfully.

db2 => INSERT INTO nurseAssignments (NLN,vacdate,lname) VALUES ('5670572612','2021-01-03','Jewish General')
DB20000I  The SQL command completed successfully.

db2 => INSERT INTO nurseAssignments (NLN,vacdate,lname) VALUES ('3359852020','2021-02-06','LocationB')
DB20000I  The SQL command completed successfully.

db2 => db2 => INSERT INTO personAllocation (alloc_date,HIN,vslot,vtime,vacdate,lname) VALUES ('2020-11-01','3917587088','3','13.30.10','2021-01-01','Jewish General')
DB20000I  The SQL command completed successfully.

db2 => INSERT INTO personAllocation (alloc_date,HIN,vslot,vtime,vacdate,lname) VALUES ('2020-11-02','5025429412','4','13.30.11','2021-01-02','Jewish General')
DB20000I  The SQL command completed successfully.

db2 => INSERT INTO personAllocation (alloc_date,HIN,vslot,vtime,vacdate,lname) VALUES ('2020-11-03','7925598682','4','13.30.12','2021-01-03','Jewish General')
DB20000I  The SQL command completed successfully.

db2 => INSERT INTO personAllocation (alloc_date,HIN,vslot,vtime,vacdate,lname) VALUES ('2020-11-04','3809069796','1','13.30.05','2021-02-06','LocationA')
DB20000I  The SQL command completed successfully.

db2 => INSERT INTO personAllocation (alloc_date,HIN,vslot,vtime,vacdate,lname) VALUES ('2020-11-05','5558344135','1','13.30.06','2021-02-06','LocationA')
DB20000I  The SQL command completed successfully.

db2 => INSERT INTO personAllocation (alloc_date,HIN,vslot,vtime,vacdate,lname) VALUES ('2020-11-06','9981054414','2','13.30.07','2021-02-06','LocationA')
DB20000I  The SQL command completed successfully.

db2 => INSERT INTO personAllocation (alloc_date,HIN,vslot,vtime,vacdate,lname) VALUES ('2020-11-07','8164350380','2','13.30.08','2021-03-20','Jewish General')
DB20000I  The SQL command completed successfully.

db2 => INSERT INTO personAllocation (alloc_date,HIN,vslot,vtime,vacdate,lname) VALUES ('2020-11-08','7925598682','3','13.30.09','2021-03-20','Jewish General')
DB20000I  The SQL command completed successfully.

db2 => INSERT INTO personAllocation (alloc_date,HIN,vslot,vtime,vacdate,lname) VALUES ('2020-11-09','4268703448','5','13.30.13','2021-02-06','LocationB')
DB20000I  The SQL command completed successfully.

db2 => INSERT INTO personAllocation (alloc_date,HIN,vslot,vtime,vacdate,lname) VALUES ('2020-11-10','2401562303','5','13.30.14','2021-02-06','LocationB')
DB20000I  The SQL command completed successfully.

db2 => db2 => INSERT INTO batchStorage (sentDate,lname,vname,bnumber) VALUES ('2020-11-15','LocationA','Pfizer-BioNTech','D')
DB20000I  The SQL command completed successfully.

db2 => INSERT INTO batchStorage (sentDate,lname,vname,bnumber) VALUES ('2020-11-16','LocationA','Pfizer-BioNTech','E')
DB20000I  The SQL command completed successfully.

db2 => INSERT INTO batchStorage (sentDate,lname,vname,bnumber) VALUES ('2020-11-18','Jewish General','Pfizer-BioNTech','B ')
DB20000I  The SQL command completed successfully.

db2 => INSERT INTO batchStorage (sentDate,lname,vname,bnumber) VALUES ('2020-11-19','Jewish General','Pfizer-BioNTech','A ')
DB20000I  The SQL command completed successfully.

db2 => INSERT INTO batchStorage (sentDate,lname,vname,bnumber) VALUES ('2020-11-20','Jewish General','Pfizer-BioNTech','C')
DB20000I  The SQL command completed successfully.

db2 => INSERT INTO batchStorage (sentDate,lname,vname,bnumber) VALUES ('2020-11-23','LocationB','Moderna','A')
DB20000I  The SQL command completed successfully.

db2 => INSERT INTO batchStorage (sentDate,lname,vname,bnumber) VALUES ('2020-11-24','LocationB','Moderna','B')
DB20000I  The SQL command completed successfully.

db2 => db2 => 